<?xml version="1.0" encoding="UTF-8"?>
<testng-results ignored="0" total="1" passed="1" failed="0" skipped="0">
  <reporter-output>
  </reporter-output>
  <suite started-at="2022-08-24T15:21:04Z" name="Suite" finished-at="2022-08-24T15:21:08Z" duration-ms="3241">
    <groups>
    </groups>
    <test started-at="2022-08-24T15:21:04Z" name="Test" finished-at="2022-08-24T15:21:08Z" duration-ms="3241">
      <class name="msv.vsm">
        <test-method signature="sa()[pri:0, instance:msv.vsm@5276d6ee]" started-at="2022-08-24T15:21:04Z" name="sa" finished-at="2022-08-24T15:21:08Z" duration-ms="3232" status="PASS">
          <reporter-output>
          </reporter-output>
        </test-method> <!-- sa -->
      </class> <!-- msv.vsm -->
    </test> <!-- Test -->
  </suite> <!-- Suite -->
</testng-results>
